2023-11-22 08:40:54.186  INFO 3752 --- [restartedMain] c.mycom.enjoytrip.EnjoyTripApplication   : Starting EnjoyTripApplication using Java 1.8.0_372 on DESKTOP-MDJG1NJ with PID 3752 (C:\SSAFY\EnjoyTrip\EnjoyTrip\bin\main started by SSAFY in C:\SSAFY\EnjoyTrip\EnjoyTrip)
2023-11-22 08:40:54.197  INFO 3752 --- [restartedMain] c.mycom.enjoytrip.EnjoyTripApplication   : No active profile set, falling back to 1 default profile: "default"
2023-11-22 08:40:54.228  INFO 3752 --- [restartedMain] .e.DevToolsPropertyDefaultsPostProcessor : Devtools property defaults active! Set 'spring.devtools.add-properties' to 'false' to disable
2023-11-22 08:40:54.228  INFO 3752 --- [restartedMain] .e.DevToolsPropertyDefaultsPostProcessor : For additional web related logging consider setting the 'logging.level.web' property to 'DEBUG'
2023-11-22 08:40:54.954  INFO 3752 --- [restartedMain] o.s.b.w.embedded.tomcat.TomcatWebServer  : Tomcat initialized with port(s): 8080 (http)
2023-11-22 08:40:54.960  INFO 3752 --- [restartedMain] o.apache.catalina.core.StandardService   : Starting service [Tomcat]
2023-11-22 08:40:54.960  INFO 3752 --- [restartedMain] org.apache.catalina.core.StandardEngine  : Starting Servlet engine: [Apache Tomcat/9.0.82]
2023-11-22 08:40:55.007  INFO 3752 --- [restartedMain] o.a.c.c.C.[Tomcat].[localhost].[/]       : Initializing Spring embedded WebApplicationContext
2023-11-22 08:40:55.007  INFO 3752 --- [restartedMain] w.s.c.ServletWebServerApplicationContext : Root WebApplicationContext: initialization completed in 778 ms
2023-11-22 08:40:55.497  INFO 3752 --- [restartedMain] o.s.b.d.a.OptionalLiveReloadServer       : LiveReload server is running on port 35729
2023-11-22 08:40:55.520  INFO 3752 --- [restartedMain] o.s.b.w.embedded.tomcat.TomcatWebServer  : Tomcat started on port(s): 8080 (http) with context path ''
2023-11-22 08:40:55.527  INFO 3752 --- [restartedMain] c.mycom.enjoytrip.EnjoyTripApplication   : Started EnjoyTripApplication in 1.601 seconds (JVM running for 2.122)
2023-11-22 08:41:11.338  INFO 3752 --- [http-nio-8080-exec-2] o.a.c.c.C.[Tomcat].[localhost].[/]       : Initializing Spring DispatcherServlet 'dispatcherServlet'
2023-11-22 08:41:11.338  INFO 3752 --- [http-nio-8080-exec-2] o.s.web.servlet.DispatcherServlet        : Initializing Servlet 'dispatcherServlet'
2023-11-22 08:41:11.339  INFO 3752 --- [http-nio-8080-exec-2] o.s.web.servlet.DispatcherServlet        : Completed initialization in 1 ms
2023-11-22 08:41:11.392  INFO 3752 --- [http-nio-8080-exec-3] com.zaxxer.hikari.HikariDataSource       : HikariPool-1 - Starting...
2023-11-22 08:41:11.632  INFO 3752 --- [http-nio-8080-exec-3] com.zaxxer.hikari.HikariDataSource       : HikariPool-1 - Start completed.
2023-11-22 09:15:35.196  INFO 3752 --- [File Watcher] rtingClassPathChangeChangedEventListener : Restarting due to 1 class path change (0 additions, 0 deletions, 1 modification)
2023-11-22 09:15:35.254  INFO 3752 --- [Thread-6] o.apache.catalina.core.StandardService   : Stopping service [Tomcat]
2023-11-22 09:15:35.255  INFO 3752 --- [Thread-6] o.a.c.c.C.[Tomcat].[localhost].[/]       : Destroying Spring FrameworkServlet 'dispatcherServlet'
2023-11-22 09:15:35.260  WARN 3752 --- [Thread-6] o.a.c.loader.WebappClassLoaderBase       : The web application [ROOT] appears to have started a thread named [HikariPool-1 housekeeper] but has failed to stop it. This is very likely to create a memory leak. Stack trace of thread:
 sun.misc.Unsafe.park(Native Method)
 java.util.concurrent.locks.LockSupport.parkNanos(LockSupport.java:215)
 java.util.concurrent.locks.AbstractQueuedSynchronizer$ConditionObject.awaitNanos(AbstractQueuedSynchronizer.java:2083)
 java.util.concurrent.ScheduledThreadPoolExecutor$DelayedWorkQueue.take(ScheduledThreadPoolExecutor.java:1093)
 java.util.concurrent.ScheduledThreadPoolExecutor$DelayedWorkQueue.take(ScheduledThreadPoolExecutor.java:809)
 java.util.concurrent.ThreadPoolExecutor.getTask(ThreadPoolExecutor.java:1074)
 java.util.concurrent.ThreadPoolExecutor.runWorker(ThreadPoolExecutor.java:1134)
 java.util.concurrent.ThreadPoolExecutor$Worker.run(ThreadPoolExecutor.java:624)
 java.lang.Thread.run(Thread.java:750)
2023-11-22 09:15:35.265  INFO 3752 --- [Thread-6] com.zaxxer.hikari.HikariDataSource       : HikariPool-1 - Shutdown initiated...
2023-11-22 09:15:35.275  INFO 3752 --- [Thread-6] com.zaxxer.hikari.HikariDataSource       : HikariPool-1 - Shutdown completed.
2023-11-22 09:15:35.400  INFO 3752 --- [restartedMain] c.mycom.enjoytrip.EnjoyTripApplication   : Starting EnjoyTripApplication using Java 1.8.0_372 on DESKTOP-MDJG1NJ with PID 3752 (C:\SSAFY\EnjoyTrip\EnjoyTrip\bin\main started by SSAFY in C:\SSAFY\EnjoyTrip\EnjoyTrip)
2023-11-22 09:15:35.400  INFO 3752 --- [restartedMain] c.mycom.enjoytrip.EnjoyTripApplication   : No active profile set, falling back to 1 default profile: "default"
2023-11-22 09:15:35.622  INFO 3752 --- [restartedMain] o.s.b.w.embedded.tomcat.TomcatWebServer  : Tomcat initialized with port(s): 8080 (http)
2023-11-22 09:15:35.623  INFO 3752 --- [restartedMain] o.apache.catalina.core.StandardService   : Starting service [Tomcat]
2023-11-22 09:15:35.623  INFO 3752 --- [restartedMain] org.apache.catalina.core.StandardEngine  : Starting Servlet engine: [Apache Tomcat/9.0.82]
2023-11-22 09:15:35.632  INFO 3752 --- [restartedMain] o.a.c.c.C.[Tomcat].[localhost].[/]       : Initializing Spring embedded WebApplicationContext
2023-11-22 09:15:35.632  INFO 3752 --- [restartedMain] w.s.c.ServletWebServerApplicationContext : Root WebApplicationContext: initialization completed in 230 ms
2023-11-22 09:15:35.748  INFO 3752 --- [restartedMain] o.s.b.d.a.OptionalLiveReloadServer       : LiveReload server is running on port 35729
2023-11-22 09:15:35.755  INFO 3752 --- [restartedMain] o.s.b.w.embedded.tomcat.TomcatWebServer  : Tomcat started on port(s): 8080 (http) with context path ''
2023-11-22 09:15:35.758  INFO 3752 --- [restartedMain] c.mycom.enjoytrip.EnjoyTripApplication   : Started EnjoyTripApplication in 0.383 seconds (JVM running for 2082.352)
2023-11-22 09:15:35.759  INFO 3752 --- [restartedMain] .ConditionEvaluationDeltaLoggingListener : Condition evaluation unchanged
2023-11-22 09:18:49.847  INFO 3752 --- [File Watcher] rtingClassPathChangeChangedEventListener : Restarting due to 1 class path change (0 additions, 0 deletions, 1 modification)
2023-11-22 09:18:49.902  INFO 3752 --- [Thread-8] o.apache.catalina.core.StandardService   : Stopping service [Tomcat]
2023-11-22 09:18:50.032  INFO 3752 --- [restartedMain] c.mycom.enjoytrip.EnjoyTripApplication   : Starting EnjoyTripApplication using Java 1.8.0_372 on DESKTOP-MDJG1NJ with PID 3752 (C:\SSAFY\EnjoyTrip\EnjoyTrip\bin\main started by SSAFY in C:\SSAFY\EnjoyTrip\EnjoyTrip)
2023-11-22 09:18:50.033  INFO 3752 --- [restartedMain] c.mycom.enjoytrip.EnjoyTripApplication   : No active profile set, falling back to 1 default profile: "default"
2023-11-22 09:18:50.239  INFO 3752 --- [restartedMain] o.s.b.w.embedded.tomcat.TomcatWebServer  : Tomcat initialized with port(s): 8080 (http)
2023-11-22 09:18:50.240  INFO 3752 --- [restartedMain] o.apache.catalina.core.StandardService   : Starting service [Tomcat]
2023-11-22 09:18:50.240  INFO 3752 --- [restartedMain] org.apache.catalina.core.StandardEngine  : Starting Servlet engine: [Apache Tomcat/9.0.82]
2023-11-22 09:18:50.249  INFO 3752 --- [restartedMain] o.a.c.c.C.[Tomcat].[localhost].[/]       : Initializing Spring embedded WebApplicationContext
2023-11-22 09:18:50.249  INFO 3752 --- [restartedMain] w.s.c.ServletWebServerApplicationContext : Root WebApplicationContext: initialization completed in 215 ms
2023-11-22 09:18:50.357  INFO 3752 --- [restartedMain] o.s.b.d.a.OptionalLiveReloadServer       : LiveReload server is running on port 35729
2023-11-22 09:18:50.363  INFO 3752 --- [restartedMain] o.s.b.w.embedded.tomcat.TomcatWebServer  : Tomcat started on port(s): 8080 (http) with context path ''
2023-11-22 09:18:50.366  INFO 3752 --- [restartedMain] c.mycom.enjoytrip.EnjoyTripApplication   : Started EnjoyTripApplication in 0.357 seconds (JVM running for 2276.96)
2023-11-22 09:18:50.366  INFO 3752 --- [restartedMain] .ConditionEvaluationDeltaLoggingListener : Condition evaluation unchanged
2023-11-22 09:36:02.997  INFO 3752 --- [http-nio-8080-exec-1] o.a.c.c.C.[Tomcat].[localhost].[/]       : Initializing Spring DispatcherServlet 'dispatcherServlet'
2023-11-22 09:36:02.998  INFO 3752 --- [http-nio-8080-exec-1] o.s.web.servlet.DispatcherServlet        : Initializing Servlet 'dispatcherServlet'
2023-11-22 09:36:02.999  INFO 3752 --- [http-nio-8080-exec-1] o.s.web.servlet.DispatcherServlet        : Completed initialization in 0 ms
2023-11-22 09:36:03.006  INFO 3752 --- [http-nio-8080-exec-1] com.zaxxer.hikari.HikariDataSource       : HikariPool-2 - Starting...
2023-11-22 09:36:03.019  INFO 3752 --- [http-nio-8080-exec-1] com.zaxxer.hikari.HikariDataSource       : HikariPool-2 - Start completed.
2023-11-22 09:36:03.020 DEBUG 3752 --- [http-nio-8080-exec-1] c.m.enjoytrip.board.dao.BoardDao.list    : ==>  Preparing: select boardId, boardTitle, boardDetail, boardTime, userId, userName from board where board.boardDetail like CONCAT('%', ?, '%') or board.boardTitle like CONCAT('%', ?, '%') order by boardId desc LIMIT ? OFFSET ?
2023-11-22 09:36:03.025 DEBUG 3752 --- [http-nio-8080-exec-1] c.m.enjoytrip.board.dao.BoardDao.list    : ==> Parameters: (String), (String), 10(Integer), 0(Integer)
2023-11-22 09:36:03.033 DEBUG 3752 --- [http-nio-8080-exec-1] c.m.enjoytrip.board.dao.BoardDao.list    : <==      Total: 10
2023-11-22 09:36:03.038 DEBUG 3752 --- [http-nio-8080-exec-2] c.m.enjoytrip.board.dao.BoardDao.list    : ==>  Preparing: select boardId, boardTitle, boardDetail, boardTime, userId, userName from board where board.boardDetail like CONCAT('%', ?, '%') or board.boardTitle like CONCAT('%', ?, '%') order by boardId desc LIMIT ? OFFSET ?
2023-11-22 09:36:03.038 DEBUG 3752 --- [http-nio-8080-exec-2] c.m.enjoytrip.board.dao.BoardDao.list    : ==> Parameters: (String), (String), 10(Integer), 0(Integer)
2023-11-22 09:36:03.043 DEBUG 3752 --- [http-nio-8080-exec-2] c.m.enjoytrip.board.dao.BoardDao.list    : <==      Total: 10
2023-11-22 09:46:05.017 DEBUG 3752 --- [http-nio-8080-exec-1] c.m.enjoytrip.board.dao.BoardDao.list    : ==>  Preparing: select boardId, boardTitle, boardDetail, boardTime, userId, userName from board where board.boardDetail like CONCAT('%', ?, '%') or board.boardTitle like CONCAT('%', ?, '%') order by boardId desc LIMIT ? OFFSET ?
2023-11-22 09:46:05.018 DEBUG 3752 --- [http-nio-8080-exec-1] c.m.enjoytrip.board.dao.BoardDao.list    : ==> Parameters: (String), (String), 10(Integer), 0(Integer)
2023-11-22 09:46:05.019 DEBUG 3752 --- [http-nio-8080-exec-1] c.m.enjoytrip.board.dao.BoardDao.list    : <==      Total: 10
2023-11-22 09:46:05.022 DEBUG 3752 --- [http-nio-8080-exec-2] c.m.enjoytrip.board.dao.BoardDao.list    : ==>  Preparing: select boardId, boardTitle, boardDetail, boardTime, userId, userName from board where board.boardDetail like CONCAT('%', ?, '%') or board.boardTitle like CONCAT('%', ?, '%') order by boardId desc LIMIT ? OFFSET ?
2023-11-22 09:46:05.023 DEBUG 3752 --- [http-nio-8080-exec-2] c.m.enjoytrip.board.dao.BoardDao.list    : ==> Parameters: (String), (String), 10(Integer), 0(Integer)
2023-11-22 09:46:05.025 DEBUG 3752 --- [http-nio-8080-exec-2] c.m.enjoytrip.board.dao.BoardDao.list    : <==      Total: 10
2023-11-22 09:46:16.658 DEBUG 3752 --- [http-nio-8080-exec-4] c.m.enjoytrip.board.dao.BoardDao.list    : ==>  Preparing: select boardId, boardTitle, boardDetail, boardTime, userId, userName from board where board.boardDetail like CONCAT('%', ?, '%') or board.boardTitle like CONCAT('%', ?, '%') order by boardId desc LIMIT ? OFFSET ?
2023-11-22 09:46:16.659 DEBUG 3752 --- [http-nio-8080-exec-4] c.m.enjoytrip.board.dao.BoardDao.list    : ==> Parameters: (String), (String), 10(Integer), 0(Integer)
2023-11-22 09:46:16.660 DEBUG 3752 --- [http-nio-8080-exec-4] c.m.enjoytrip.board.dao.BoardDao.list    : <==      Total: 10
2023-11-22 09:46:16.663 DEBUG 3752 --- [http-nio-8080-exec-5] c.m.enjoytrip.board.dao.BoardDao.list    : ==>  Preparing: select boardId, boardTitle, boardDetail, boardTime, userId, userName from board where board.boardDetail like CONCAT('%', ?, '%') or board.boardTitle like CONCAT('%', ?, '%') order by boardId desc LIMIT ? OFFSET ?
2023-11-22 09:46:16.664 DEBUG 3752 --- [http-nio-8080-exec-5] c.m.enjoytrip.board.dao.BoardDao.list    : ==> Parameters: (String), (String), 10(Integer), 0(Integer)
2023-11-22 09:46:16.666 DEBUG 3752 --- [http-nio-8080-exec-5] c.m.enjoytrip.board.dao.BoardDao.list    : <==      Total: 10
2023-11-22 09:47:31.640  WARN 3752 --- [http-nio-8080-exec-9] .w.s.m.s.DefaultHandlerExceptionResolver : Resolved [org.springframework.web.method.annotation.MethodArgumentTypeMismatchException: Failed to convert value of type 'java.lang.String' to required type 'int'; nested exception is java.lang.NumberFormatException: For input string: "undefined"]
2023-11-22 09:47:41.381 DEBUG 3752 --- [http-nio-8080-exec-1] c.m.enjoytrip.board.dao.BoardDao.list    : ==>  Preparing: select boardId, boardTitle, boardDetail, boardTime, userId, userName from board where board.boardDetail like CONCAT('%', ?, '%') or board.boardTitle like CONCAT('%', ?, '%') order by boardId desc LIMIT ? OFFSET ?
2023-11-22 09:47:41.382 DEBUG 3752 --- [http-nio-8080-exec-1] c.m.enjoytrip.board.dao.BoardDao.list    : ==> Parameters: (String), (String), 10(Integer), 0(Integer)
2023-11-22 09:47:41.383 DEBUG 3752 --- [http-nio-8080-exec-1] c.m.enjoytrip.board.dao.BoardDao.list    : <==      Total: 10
2023-11-22 09:47:41.387 DEBUG 3752 --- [http-nio-8080-exec-2] c.m.enjoytrip.board.dao.BoardDao.list    : ==>  Preparing: select boardId, boardTitle, boardDetail, boardTime, userId, userName from board where board.boardDetail like CONCAT('%', ?, '%') or board.boardTitle like CONCAT('%', ?, '%') order by boardId desc LIMIT ? OFFSET ?
2023-11-22 09:47:41.388 DEBUG 3752 --- [http-nio-8080-exec-2] c.m.enjoytrip.board.dao.BoardDao.list    : ==> Parameters: (String), (String), 10(Integer), 0(Integer)
2023-11-22 09:47:41.390 DEBUG 3752 --- [http-nio-8080-exec-2] c.m.enjoytrip.board.dao.BoardDao.list    : <==      Total: 10
2023-11-22 09:51:14.977  WARN 3752 --- [http-nio-8080-exec-5] .w.s.m.s.DefaultHandlerExceptionResolver : Resolved [org.springframework.web.method.annotation.MethodArgumentTypeMismatchException: Failed to convert value of type 'java.lang.String' to required type 'int'; nested exception is java.lang.NumberFormatException: For input string: "undefined"]
2023-11-22 09:57:18.272  INFO 3752 --- [RMI TCP Connection(2)-127.0.0.1] inMXBeanRegistrar$SpringApplicationAdmin : Application shutdown requested.
2023-11-22 09:57:18.328  INFO 3752 --- [RMI TCP Connection(2)-127.0.0.1] o.apache.catalina.core.StandardService   : Stopping service [Tomcat]
2023-11-22 09:57:18.330  INFO 3752 --- [RMI TCP Connection(2)-127.0.0.1] o.a.c.c.C.[Tomcat].[localhost].[/]       : Destroying Spring FrameworkServlet 'dispatcherServlet'
2023-11-22 09:57:18.334  WARN 3752 --- [RMI TCP Connection(2)-127.0.0.1] o.a.c.loader.WebappClassLoaderBase       : The web application [ROOT] appears to have started a thread named [HikariPool-2 housekeeper] but has failed to stop it. This is very likely to create a memory leak. Stack trace of thread:
 sun.misc.Unsafe.park(Native Method)
 java.util.concurrent.locks.LockSupport.parkNanos(LockSupport.java:215)
 java.util.concurrent.locks.AbstractQueuedSynchronizer$ConditionObject.awaitNanos(AbstractQueuedSynchronizer.java:2083)
 java.util.concurrent.ScheduledThreadPoolExecutor$DelayedWorkQueue.take(ScheduledThreadPoolExecutor.java:1093)
 java.util.concurrent.ScheduledThreadPoolExecutor$DelayedWorkQueue.take(ScheduledThreadPoolExecutor.java:809)
 java.util.concurrent.ThreadPoolExecutor.getTask(ThreadPoolExecutor.java:1074)
 java.util.concurrent.ThreadPoolExecutor.runWorker(ThreadPoolExecutor.java:1134)
 java.util.concurrent.ThreadPoolExecutor$Worker.run(ThreadPoolExecutor.java:624)
 java.lang.Thread.run(Thread.java:750)
2023-11-22 09:57:18.340  INFO 3752 --- [RMI TCP Connection(2)-127.0.0.1] com.zaxxer.hikari.HikariDataSource       : HikariPool-2 - Shutdown initiated...
2023-11-22 09:57:18.346  INFO 3752 --- [RMI TCP Connection(2)-127.0.0.1] com.zaxxer.hikari.HikariDataSource       : HikariPool-2 - Shutdown completed.
